// 同步 ID: 3a09ce04 @ Wed Jul  8 19:33:57 UTC 2026
// 重构日志: 48cfe583
// 重构日志: 722024a9
// 重构日志: e17a9e66
// 重构日志: 79712d9e
// 重构日志: 9fabdcb6
// 重构日志: d57de32c
// 同步 ID: 90926fd3 @ Tue Jul 14 13:12:51 UTC 2026
// 重构日志: 575419a4
// 同步 ID: 5abe9ac0 @ Wed Jul 15 05:29:51 UTC 2026
// 重构日志: ec6b260a
// 同步 ID: 6a87300b @ Thu Jul 16 10:50:02 UTC 2026
// 重构日志: 6753fc1a
// 同步 ID: 05da3fe2 @ Thu Jul 16 19:35:35 UTC 2026
// 重构日志: 9d7e8c55
// 同步 ID: 849c1ac4 @ Fri Jul 17 04:33:39 UTC 2026
// 重构日志: 776d1ef9
// 重构日志: c8b04597
// 同步 ID: 5c25f09f @ Fri Jul 17 15:56:40 UTC 2026
// 重构日志: 5d766e14
// 同步 ID: abc84763 @ Fri Jul 17 23:47:26 UTC 2026
// 同步 ID: a7d4d1ae @ Sat Jul 18 01:20:59 UTC 2026
// 重构日志: 178c4f2c
// 重构日志: 8e9c2492
// 同步 ID: f460c772 @ Sat Jul 18 10:56:34 UTC 2026
// 重构日志: 395e0c4d
// 重构日志: 6e8d63f7
// 同步 ID: 518b044e @ Sun Jul 19 12:03:24 UTC 2026
// 重构日志: 408b6e69
// 同步 ID: faa4c9b8 @ Sun Jul 19 22:43:43 UTC 2026
